AH00558: apache2: Could not reliably determine the server's fully qualified domain name, using 172.20.0.4. Set the 'ServerName' directive globally to suppress this message
[Tue May 16 12:50:09.547769 2017] [mpm_prefork:notice] [pid 9] AH00163: Apache/2.4.10 (Debian) PHP/7.0.19 configured -- resuming normal operations
[Tue May 16 12:50:09.547824 2017] [core:notice] [pid 9] AH00094: Command line: '/usr/sbin/apache2 -D FOREGROUND'
AH00558: apache2: Could not reliably determine the server's fully qualified domain name, using 172.20.0.4. Set the 'ServerName' directive globally to suppress this message
[Wed May 17 07:35:57.719202 2017] [mpm_prefork:notice] [pid 6] AH00163: Apache/2.4.10 (Debian) PHP/7.0.19 configured -- resuming normal operations
[Wed May 17 07:35:57.719251 2017] [core:notice] [pid 6] AH00094: Command line: '/usr/sbin/apache2 -D FOREGROUND'
AH00558: apache2: Could not reliably determine the server's fully qualified domain name, using 172.20.0.4. Set the 'ServerName' directive globally to suppress this message
[Thu May 18 07:45:06.251211 2017] [core:warn] [pid 7] AH00098: pid file /var/run/apache2/apache2.pid overwritten -- Unclean shutdown of previous Apache run?
[Thu May 18 07:45:06.253532 2017] [mpm_prefork:notice] [pid 7] AH00163: Apache/2.4.10 (Debian) PHP/7.0.19 configured -- resuming normal operations
[Thu May 18 07:45:06.253567 2017] [core:notice] [pid 7] AH00094: Command line: '/usr/sbin/apache2 -D FOREGROUND'
AH00558: apache2: Could not reliably determine the server's fully qualified domain name, using 172.20.0.4. Set the 'ServerName' directive globally to suppress this message
[Thu May 18 10:09:36.977064 2017] [core:warn] [pid 9] AH00098: pid file /var/run/apache2/apache2.pid overwritten -- Unclean shutdown of previous Apache run?
[Thu May 18 10:09:36.979577 2017] [mpm_prefork:notice] [pid 9] AH00163: Apache/2.4.10 (Debian) PHP/7.0.19 configured -- resuming normal operations
[Thu May 18 10:09:36.979618 2017] [core:notice] [pid 9] AH00094: Command line: '/usr/sbin/apache2 -D FOREGROUND'
AH00558: apache2: Could not reliably determine the server's fully qualified domain name, using 172.20.0.4. Set the 'ServerName' directive globally to suppress this message
[Fri May 19 08:13:30.298848 2017] [core:warn] [pid 7] AH00098: pid file /var/run/apache2/apache2.pid overwritten -- Unclean shutdown of previous Apache run?
[Fri May 19 08:13:30.301041 2017] [mpm_prefork:notice] [pid 7] AH00163: Apache/2.4.10 (Debian) PHP/7.0.19 configured -- resuming normal operations
[Fri May 19 08:13:30.301067 2017] [core:notice] [pid 7] AH00094: Command line: '/usr/sbin/apache2 -D FOREGROUND'
AH00558: apache2: Could not reliably determine the server's fully qualified domain name, using 172.20.0.4. Set the 'ServerName' directive globally to suppress this message
[Mon May 22 07:44:31.277822 2017] [mpm_prefork:notice] [pid 7] AH00163: Apache/2.4.10 (Debian) PHP/7.0.19 configured -- resuming normal operations
[Mon May 22 07:44:31.277877 2017] [core:notice] [pid 7] AH00094: Command line: '/usr/sbin/apache2 -D FOREGROUND'
AH00558: apache2: Could not reliably determine the server's fully qualified domain name, using 172.20.0.4. Set the 'ServerName' directive globally to suppress this message
[Tue May 23 08:49:06.276646 2017] [mpm_prefork:notice] [pid 8] AH00163: Apache/2.4.10 (Debian) PHP/7.0.19 configured -- resuming normal operations
[Tue May 23 08:49:06.276829 2017] [core:notice] [pid 8] AH00094: Command line: '/usr/sbin/apache2 -D FOREGROUND'
AH00558: apache2: Could not reliably determine the server's fully qualified domain name, using 172.20.0.4. Set the 'ServerName' directive globally to suppress this message
[Wed May 24 07:43:03.977547 2017] [mpm_prefork:notice] [pid 9] AH00163: Apache/2.4.10 (Debian) PHP/7.0.19 configured -- resuming normal operations
[Wed May 24 07:43:03.977588 2017] [core:notice] [pid 9] AH00094: Command line: '/usr/sbin/apache2 -D FOREGROUND'
AH00558: apache2: Could not reliably determine the server's fully qualified domain name, using 172.20.0.4. Set the 'ServerName' directive globally to suppress this message
[Thu May 25 07:40:25.661246 2017] [mpm_prefork:notice] [pid 9] AH00163: Apache/2.4.10 (Debian) PHP/7.0.19 configured -- resuming normal operations
[Thu May 25 07:40:25.661296 2017] [core:notice] [pid 9] AH00094: Command line: '/usr/sbin/apache2 -D FOREGROUND'
AH00558: apache2: Could not reliably determine the server's fully qualified domain name, using 172.20.0.4. Set the 'ServerName' directive globally to suppress this message
[Fri May 26 07:43:11.538920 2017] [core:warn] [pid 8] AH00098: pid file /var/run/apache2/apache2.pid overwritten -- Unclean shutdown of previous Apache run?
[Fri May 26 07:43:11.541347 2017] [mpm_prefork:notice] [pid 8] AH00163: Apache/2.4.10 (Debian) PHP/7.0.19 configured -- resuming normal operations
[Fri May 26 07:43:11.541376 2017] [core:notice] [pid 8] AH00094: Command line: '/usr/sbin/apache2 -D FOREGROUND'
AH00558: apache2: Could not reliably determine the server's fully qualified domain name, using 172.20.0.4. Set the 'ServerName' directive globally to suppress this message
[Fri May 26 08:13:40.831786 2017] [mpm_prefork:notice] [pid 9] AH00163: Apache/2.4.10 (Debian) PHP/7.0.19 configured -- resuming normal operations
[Fri May 26 08:13:40.831907 2017] [core:notice] [pid 9] AH00094: Command line: '/usr/sbin/apache2 -D FOREGROUND'
AH00558: apache2: Could not reliably determine the server's fully qualified domain name, using 172.20.0.4. Set the 'ServerName' directive globally to suppress this message
[Fri May 26 11:47:52.816928 2017] [mpm_prefork:notice] [pid 8] AH00163: Apache/2.4.10 (Debian) PHP/7.0.19 configured -- resuming normal operations
[Fri May 26 11:47:52.817092 2017] [core:notice] [pid 8] AH00094: Command line: '/usr/sbin/apache2 -D FOREGROUND'
AH00558: apache2: Could not reliably determine the server's fully qualified domain name, using 172.20.0.4. Set the 'ServerName' directive globally to suppress this message
[Mon May 29 07:39:06.097464 2017] [mpm_prefork:notice] [pid 6] AH00163: Apache/2.4.10 (Debian) PHP/7.0.19 configured -- resuming normal operations
[Mon May 29 07:39:06.097548 2017] [core:notice] [pid 6] AH00094: Command line: '/usr/sbin/apache2 -D FOREGROUND'
